[07-Jun-2026 09:40:52 Europe/Berlin] Database login check error: Table 'task_tracker.users' doesn't exist
[07-Jun-2026 09:41:12 Europe/Berlin] Database login check error: Table 'task_tracker.users' doesn't exist
[07-Jun-2026 09:41:22 Europe/Berlin] Database login check error: Table 'task_tracker.users' doesn't exist
[07-Jun-2026 09:41:24 Europe/Berlin] Database login check error: Table 'task_tracker.users' doesn't exist
[07-Jun-2026 09:41:24 Europe/Berlin] Database login check error: Table 'task_tracker.users' doesn't exist
[07-Jun-2026 09:41:25 Europe/Berlin] Database login check error: Table 'task_tracker.users' doesn't exist
[07-Jun-2026 09:41:25 Europe/Berlin] Database login check error: Table 'task_tracker.users' doesn't exist
[07-Jun-2026 09:41:26 Europe/Berlin] Database login check error: Table 'task_tracker.users' doesn't exist
[07-Jun-2026 09:42:52 Europe/Berlin] Database login check error: Table 'task_tracker.users' doesn't exist
[07-Jun-2026 10:11:30 Europe/Berlin] PHP Fatal error:  Uncaught Error: Call to undefined method XMLSyncHandler::generateNextTaskId() in C:\xampp\htdocs\itech55\task-tracker-by-ag-golosino\add_task.php:62
Stack trace:
#0 {main}
  thrown in C:\xampp\htdocs\itech55\task-tracker-by-ag-golosino\add_task.php on line 62
[07-Jun-2026 10:20:13 Europe/Berlin] PHP Warning:  Undefined variable $conn in C:\xampp\htdocs\itech55\task-tracker-by-ag-golosino\admin_create.php on line 46
[07-Jun-2026 11:19:22 Europe/Berlin] [SessionDebug] Request to index.php
[07-Jun-2026 11:19:22 Europe/Berlin] [SessionDebug] Cookie 'todo_app' sent by browser: YES
[07-Jun-2026 11:19:22 Europe/Berlin] [SessionDebug] Current PHP Session ID: earfqd2jak7s45um3lfj0v1pgh
[07-Jun-2026 11:19:30 Europe/Berlin] [SessionDebug] Request to index.php
[07-Jun-2026 11:19:30 Europe/Berlin] [SessionDebug] Cookie 'todo_app' sent by browser: YES
[07-Jun-2026 11:19:30 Europe/Berlin] [SessionDebug] Current PHP Session ID: ijrljtqmotq6kciohb36u0i33e
[07-Jun-2026 11:46:26 Europe/Berlin] PHP Fatal error:  Uncaught Error: Call to undefined function updateTaskStats() in C:\xampp\htdocs\itech55\task-tracker-by-ag-golosino\register.php:90
Stack trace:
#0 {main}

Next Error: mysqli_stmt object is already closed in C:\xampp\htdocs\itech55\task-tracker-by-ag-golosino\register.php:116
Stack trace:
#0 C:\xampp\htdocs\itech55\task-tracker-by-ag-golosino\register.php(116): mysqli_stmt->close()
#1 {main}
  thrown in C:\xampp\htdocs\itech55\task-tracker-by-ag-golosino\register.php on line 116
[07-Jun-2026 11:46:39 Europe/Berlin] PHP Fatal error:  Uncaught Error: Call to undefined function updateTaskStats() in C:\xampp\htdocs\itech55\task-tracker-by-ag-golosino\register.php:90
Stack trace:
#0 {main}

Next Error: mysqli_stmt object is already closed in C:\xampp\htdocs\itech55\task-tracker-by-ag-golosino\register.php:116
Stack trace:
#0 C:\xampp\htdocs\itech55\task-tracker-by-ag-golosino\register.php(116): mysqli_stmt->close()
#1 {main}
  thrown in C:\xampp\htdocs\itech55\task-tracker-by-ag-golosino\register.php on line 116
